<?xml version="1.0" encoding="UTF-8"?>
<testsuite xmlns:xsi="http://www.w3.org/2001/XMLSchema-instance" xsi:noNamespaceSchemaLocation="https://maven.apache.org/surefire/maven-surefire-plugin/xsd/surefire-test-report.xsd" name="com.andrewsha.testing.calculator.CalculatorImplTest" time="0.087" tests="21" errors="0" skipped="0" failures="0">
  <properties>
[...]
</properties>
  <testcase name="divideTest{double, double}[1]" classname="com.andrewsha.testing.calculator.CalculatorImplTest" time="0.031"/>
  <testcase name="divideTest{double, double}[2]" classname="com.andrewsha.testing.calculator.CalculatorImplTest" time="0.001"/>
  <testcase name="divideTest{double, double}[3]" classname="com.andrewsha.testing.calculator.CalculatorImplTest" time="0"/>
  <testcase name="divideTest{double, double}[4]" classname="com.andrewsha.testing.calculator.CalculatorImplTest" time="0.001"/>
  <testcase name="divideTest{double, double}[5]" classname="com.andrewsha.testing.calculator.CalculatorImplTest" time="0"/>
  <testcase name="sumTest{double, double}[1]" classname="com.andrewsha.testing.calculator.CalculatorImplTest" time="0.001"/>
  <testcase name="sumTest{double, double}[2]" classname="com.andrewsha.testing.calculator.CalculatorImplTest" time="0"/>
  <testcase name="sumTest{double, double}[3]" classname="com.andrewsha.testing.calculator.CalculatorImplTest" time="0.001"/>
  <testcase name="sumTest{double, double}[4]" classname="com.andrewsha.testing.calculator.CalculatorImplTest" time="0"/>
  <testcase name="sumTest{double, double}[5]" classname="com.andrewsha.testing.calculator.CalculatorImplTest" time="0.001"/>
  <testcase name="divideTest_b_lessThanMinimum_then_throwException" classname="com.andrewsha.testing.calculator.CalculatorImplTest" time="0.001"/>
  <testcase name="multiplyTest{double, double}[1]" classname="com.andrewsha.testing.calculator.CalculatorImplTest" time="0.001"/>
  <testcase name="multiplyTest{double, double}[2]" classname="com.andrewsha.testing.calculator.CalculatorImplTest" time="0"/>
  <testcase name="multiplyTest{double, double}[3]" classname="com.andrewsha.testing.calculator.CalculatorImplTest" time="0"/>
  <testcase name="multiplyTest{double, double}[4]" classname="com.andrewsha.testing.calculator.CalculatorImplTest" time="0"/>
  <testcase name="multiplyTest{double, double}[5]" classname="com.andrewsha.testing.calculator.CalculatorImplTest" time="0"/>
  <testcase name="subtractTest{double, double}[1]" classname="com.andrewsha.testing.calculator.CalculatorImplTest" time="0"/>
  <testcase name="subtractTest{double, double}[2]" classname="com.andrewsha.testing.calculator.CalculatorImplTest" time="0"/>
  <testcase name="subtractTest{double, double}[3]" classname="com.andrewsha.testing.calculator.CalculatorImplTest" time="0"/>
  <testcase name="subtractTest{double, double}[4]" classname="com.andrewsha.testing.calculator.CalculatorImplTest" time="0"/>
  <testcase name="subtractTest{double, double}[5]" classname="com.andrewsha.testing.calculator.CalculatorImplTest" time="0.001"/>
</testsuite>